f:\university of moratuwa (efac)\fyp\project\fabricdefectditection\fabricdefectditection\x64\debug\vc140.pdb
f:\university of moratuwa (efac)\fyp\project\fabricdefectditection\fabricdefectditection\x64\debug\.netframework,version=v4.5.2.assemblyattributes.obj
f:\university of moratuwa (efac)\fyp\project\fabricdefectditection\fabricdefectditection\x64\debug\.netframework,version=v4.5.2.assemblyattributes.asm
f:\university of moratuwa (efac)\fyp\project\fabricdefectditection\fabricdefectditection\x64\debug\frmhomepage.obj
f:\university of moratuwa (efac)\fyp\project\fabricdefectditection\fabricdefectditection\x64\debug\source.obj
f:\university of moratuwa (efac)\fyp\project\fabricdefectditection\fabricdefectditection\x64\debug\fabricdefectditection.frmhomepage.resources
f:\university of moratuwa (efac)\fyp\project\fabricdefectditection\x64\debug\fabricdefectditection.exe
f:\university of moratuwa (efac)\fyp\project\fabricdefectditection\x64\debug\fabricdefectditection.pdb
f:\university of moratuwa (efac)\fyp\project\fabricdefectditection\fabricdefectditection\x64\debug\fabricdefectditection.vcxproj.generateresource.cache
f:\university of moratuwa (efac)\fyp\project\fabricdefectditection\fabricdefectditection\x64\debug\fabricdefectditection.vcxprojresolveassemblyreference.cache
f:\university of moratuwa (efac)\fyp\project\fabricdefectditection\fabricdefectditection\x64\debug\fabricde.2118e71e.tlog\cl.command.1.tlog
f:\university of moratuwa (efac)\fyp\project\fabricdefectditection\fabricdefectditection\x64\debug\fabricde.2118e71e.tlog\cl.read.1.tlog
f:\university of moratuwa (efac)\fyp\project\fabricdefectditection\fabricdefectditection\x64\debug\fabricde.2118e71e.tlog\cl.write.1.tlog
f:\university of moratuwa (efac)\fyp\project\fabricdefectditection\fabricdefectditection\x64\debug\fabricde.2118e71e.tlog\fabricdefectditection.write.1u.tlog
f:\university of moratuwa (efac)\fyp\project\fabricdefectditection\fabricdefectditection\x64\debug\fabricde.2118e71e.tlog\link.command.1.tlog
f:\university of moratuwa (efac)\fyp\project\fabricdefectditection\fabricdefectditection\x64\debug\fabricde.2118e71e.tlog\link.read.1.tlog
f:\university of moratuwa (efac)\fyp\project\fabricdefectditection\fabricdefectditection\x64\debug\fabricde.2118e71e.tlog\link.write.1.tlog
f:\university of moratuwa (efac)\fyp\project\fabricdefectditection\fabricdefectditection\x64\debug\fabricde.2118e71e.tlog\metagen.read.1.tlog
f:\university of moratuwa (efac)\fyp\project\fabricdefectditection\fabricdefectditection\x64\debug\fabricde.2118e71e.tlog\metagen.write.1.tlog
f:\university of moratuwa (efac)\fyp\project\fabricdefectditection\fabricdefectditection\x64\debug\fabricde.2118e71e.tlog\tzres.dll.bi
